[2020-10-14 02:04:07,205] {taskinstance.py:670} INFO - Dependencies all met for <TaskInstance: example_bash_operator.runme_1 2020-10-14T06:03:07.258113+00:00 [queued]>
[2020-10-14 02:04:07,221] {taskinstance.py:670} INFO - Dependencies all met for <TaskInstance: example_bash_operator.runme_1 2020-10-14T06:03:07.258113+00:00 [queued]>
[2020-10-14 02:04:07,221] {taskinstance.py:880} INFO - 
--------------------------------------------------------------------------------
[2020-10-14 02:04:07,221] {taskinstance.py:881} INFO - Starting attempt 1 of 1
[2020-10-14 02:04:07,221] {taskinstance.py:882} INFO - 
--------------------------------------------------------------------------------
[2020-10-14 02:04:07,244] {taskinstance.py:901} INFO - Executing <Task(BashOperator): runme_1> on 2020-10-14T06:03:07.258113+00:00
[2020-10-14 02:04:07,267] {standard_task_runner.py:54} INFO - Started process 6593 to run task
[2020-10-14 02:04:07,458] {standard_task_runner.py:77} INFO - Running: ['airflow', 'run', 'example_bash_operator', 'runme_1', '2020-10-14T06:03:07.258113+00:00', '--job_id', '3', '--pool', 'default_pool', '--raw', '-sd', '/home/nehasupe/.local/lib/python3.8/site-packages/airflow/example_dags/example_bash_operator.py', '--cfg_path', '/tmp/tmpshe0tp2g']
[2020-10-14 02:04:07,461] {standard_task_runner.py:78} INFO - Job 3: Subtask runme_1
[2020-10-14 02:04:07,525] {logging_mixin.py:112} INFO - Running %s on host %s <TaskInstance: example_bash_operator.runme_1 2020-10-14T06:03:07.258113+00:00 [running]> DESKTOP-CGU1FO2.localdomain
[2020-10-14 02:04:07,550] {bash_operator.py:113} INFO - Tmp dir root location: 
 /tmp
[2020-10-14 02:04:07,552] {bash_operator.py:134} INFO - Temporary script location: /tmp/airflowtmpyzwz81a8/runme_1rhu3dqit
[2020-10-14 02:04:07,552] {bash_operator.py:146} INFO - Running command: echo "example_bash_operator__runme_1__20201014" && sleep 1
[2020-10-14 02:04:07,579] {bash_operator.py:153} INFO - Output:
[2020-10-14 02:04:07,596] {bash_operator.py:157} INFO - example_bash_operator__runme_1__20201014
[2020-10-14 02:04:08,612] {bash_operator.py:159} INFO - Command exited with return code 0
[2020-10-14 02:04:08,626] {taskinstance.py:1057} INFO - Marking task as SUCCESS.dag_id=example_bash_operator, task_id=runme_1, execution_date=20201014T060307, start_date=20201014T060407, end_date=20201014T060408
[2020-10-14 02:04:12,180] {local_task_job.py:102} INFO - Task exited with return code 0
