[2020-10-14 20:00:11,120] {taskinstance.py:670} INFO - Dependencies all met for <TaskInstance: example_bash_operator.runme_0 2020-10-14T00:00:00+00:00 [queued]>
[2020-10-14 20:00:11,137] {taskinstance.py:670} INFO - Dependencies all met for <TaskInstance: example_bash_operator.runme_0 2020-10-14T00:00:00+00:00 [queued]>
[2020-10-14 20:00:11,137] {taskinstance.py:880} INFO - 
--------------------------------------------------------------------------------
[2020-10-14 20:00:11,137] {taskinstance.py:881} INFO - Starting attempt 1 of 1
[2020-10-14 20:00:11,138] {taskinstance.py:882} INFO - 
--------------------------------------------------------------------------------
[2020-10-14 20:00:11,155] {taskinstance.py:901} INFO - Executing <Task(BashOperator): runme_0> on 2020-10-14T00:00:00+00:00
[2020-10-14 20:00:11,184] {standard_task_runner.py:54} INFO - Started process 25966 to run task
[2020-10-14 20:00:11,500] {standard_task_runner.py:77} INFO - Running: ['airflow', 'run', 'example_bash_operator', 'runme_0', '2020-10-14T00:00:00+00:00', '--job_id', '14', '--pool', 'default_pool', '--raw', '-sd', '/home/nehasupe/.local/lib/python3.8/site-packages/airflow/example_dags/example_bash_operator.py', '--cfg_path', '/tmp/tmpc6eipl9u']
[2020-10-14 20:00:11,504] {standard_task_runner.py:78} INFO - Job 14: Subtask runme_0
[2020-10-14 20:00:11,686] {logging_mixin.py:112} INFO - Running %s on host %s <TaskInstance: example_bash_operator.runme_0 2020-10-14T00:00:00+00:00 [running]> DESKTOP-CGU1FO2.localdomain
[2020-10-14 20:00:11,748] {bash_operator.py:113} INFO - Tmp dir root location: 
 /tmp
[2020-10-14 20:00:11,752] {bash_operator.py:134} INFO - Temporary script location: /tmp/airflowtmpm157cy5h/runme_0jxqy7phw
[2020-10-14 20:00:11,752] {bash_operator.py:146} INFO - Running command: echo "example_bash_operator__runme_0__20201014" && sleep 1
[2020-10-14 20:00:11,811] {bash_operator.py:153} INFO - Output:
[2020-10-14 20:00:11,864] {bash_operator.py:157} INFO - example_bash_operator__runme_0__20201014
[2020-10-14 20:00:12,895] {bash_operator.py:159} INFO - Command exited with return code 0
[2020-10-14 20:00:12,912] {taskinstance.py:1057} INFO - Marking task as SUCCESS.dag_id=example_bash_operator, task_id=runme_0, execution_date=20201014T000000, start_date=20201015T000011, end_date=20201015T000012
[2020-10-14 20:00:16,091] {local_task_job.py:102} INFO - Task exited with return code 0
