[2020-10-14 13:26:01,027] {logging_mixin.py:112} INFO - Sending to executor.
[2020-10-14 13:26:01,028] {base_executor.py:58} INFO - Adding to queue: ['airflow', 'run', 'example_bash_operator', 'runme_0', '2015-01-01T00:00:00+00:00', '--local', '--pool', 'default_pool', '-sd', '/home/nehasupe/.local/lib/python3.8/site-packages/airflow/example_dags/example_bash_operator.py']
[2020-10-14 13:26:01,029] {sequential_executor.py:54} INFO - Executing command: ['airflow', 'run', 'example_bash_operator', 'runme_0', '2015-01-01T00:00:00+00:00', '--local', '--pool', 'default_pool', '-sd', '/home/nehasupe/.local/lib/python3.8/site-packages/airflow/example_dags/example_bash_operator.py']
[2020-10-14 13:26:07,158] {taskinstance.py:670} INFO - Dependencies all met for <TaskInstance: example_bash_operator.runme_0 2015-01-01T00:00:00+00:00 [None]>
[2020-10-14 13:26:07,187] {taskinstance.py:670} INFO - Dependencies all met for <TaskInstance: example_bash_operator.runme_0 2015-01-01T00:00:00+00:00 [None]>
[2020-10-14 13:26:07,187] {taskinstance.py:880} INFO - 
--------------------------------------------------------------------------------
[2020-10-14 13:26:07,188] {taskinstance.py:881} INFO - Starting attempt 1 of 1
[2020-10-14 13:26:07,188] {taskinstance.py:882} INFO - 
--------------------------------------------------------------------------------
[2020-10-14 13:26:07,225] {taskinstance.py:901} INFO - Executing <Task(BashOperator): runme_0> on 2015-01-01T00:00:00+00:00
[2020-10-14 13:26:07,266] {standard_task_runner.py:54} INFO - Started process 14026 to run task
[2020-10-14 13:26:07,711] {standard_task_runner.py:77} INFO - Running: ['airflow', 'run', 'example_bash_operator', 'runme_0', '2015-01-01T00:00:00+00:00', '--job_id', '12', '--pool', 'default_pool', '--raw', '-sd', '/home/nehasupe/.local/lib/python3.8/site-packages/airflow/example_dags/example_bash_operator.py', '--cfg_path', '/tmp/tmp9x2t_na4']
[2020-10-14 13:26:07,717] {standard_task_runner.py:78} INFO - Job 12: Subtask runme_0
[2020-10-14 13:26:07,844] {logging_mixin.py:112} INFO - Running %s on host %s <TaskInstance: example_bash_operator.runme_0 2015-01-01T00:00:00+00:00 [running]> DESKTOP-CGU1FO2.localdomain
[2020-10-14 13:26:07,899] {bash_operator.py:113} INFO - Tmp dir root location: 
 /tmp
[2020-10-14 13:26:07,904] {bash_operator.py:134} INFO - Temporary script location: /tmp/airflowtmpm24iihnt/runme_008_8llmb
[2020-10-14 13:26:07,904] {bash_operator.py:146} INFO - Running command: echo "example_bash_operator__runme_0__20150101" && sleep 1
[2020-10-14 13:26:07,959] {bash_operator.py:153} INFO - Output:
[2020-10-14 13:26:07,990] {bash_operator.py:157} INFO - example_bash_operator__runme_0__20150101
[2020-10-14 13:26:09,028] {bash_operator.py:159} INFO - Command exited with return code 0
[2020-10-14 13:26:09,062] {taskinstance.py:1057} INFO - Marking task as SUCCESS.dag_id=example_bash_operator, task_id=runme_0, execution_date=20150101T000000, start_date=20201014T172607, end_date=20201014T172609
[2020-10-14 13:26:12,115] {local_task_job.py:102} INFO - Task exited with return code 0
