[2020-10-14 02:03:59,445] {taskinstance.py:670} INFO - Dependencies all met for <TaskInstance: example_bash_operator.runme_0 2020-10-14T06:03:07.258113+00:00 [queued]>
[2020-10-14 02:03:59,457] {taskinstance.py:670} INFO - Dependencies all met for <TaskInstance: example_bash_operator.runme_0 2020-10-14T06:03:07.258113+00:00 [queued]>
[2020-10-14 02:03:59,458] {taskinstance.py:880} INFO - 
--------------------------------------------------------------------------------
[2020-10-14 02:03:59,458] {taskinstance.py:881} INFO - Starting attempt 1 of 1
[2020-10-14 02:03:59,458] {taskinstance.py:882} INFO - 
--------------------------------------------------------------------------------
[2020-10-14 02:03:59,477] {taskinstance.py:901} INFO - Executing <Task(BashOperator): runme_0> on 2020-10-14T06:03:07.258113+00:00
[2020-10-14 02:03:59,498] {standard_task_runner.py:54} INFO - Started process 6585 to run task
[2020-10-14 02:03:59,692] {standard_task_runner.py:77} INFO - Running: ['airflow', 'run', 'example_bash_operator', 'runme_0', '2020-10-14T06:03:07.258113+00:00', '--job_id', '2', '--pool', 'default_pool', '--raw', '-sd', '/home/nehasupe/.local/lib/python3.8/site-packages/airflow/example_dags/example_bash_operator.py', '--cfg_path', '/tmp/tmp813_2tmz']
[2020-10-14 02:03:59,694] {standard_task_runner.py:78} INFO - Job 2: Subtask runme_0
[2020-10-14 02:03:59,756] {logging_mixin.py:112} INFO - Running %s on host %s <TaskInstance: example_bash_operator.runme_0 2020-10-14T06:03:07.258113+00:00 [running]> DESKTOP-CGU1FO2.localdomain
[2020-10-14 02:03:59,778] {bash_operator.py:113} INFO - Tmp dir root location: 
 /tmp
[2020-10-14 02:03:59,780] {bash_operator.py:134} INFO - Temporary script location: /tmp/airflowtmpdgwnserd/runme_099x7p_90
[2020-10-14 02:03:59,781] {bash_operator.py:146} INFO - Running command: echo "example_bash_operator__runme_0__20201014" && sleep 1
[2020-10-14 02:03:59,806] {bash_operator.py:153} INFO - Output:
[2020-10-14 02:03:59,821] {bash_operator.py:157} INFO - example_bash_operator__runme_0__20201014
[2020-10-14 02:04:00,845] {bash_operator.py:159} INFO - Command exited with return code 0
[2020-10-14 02:04:00,871] {taskinstance.py:1057} INFO - Marking task as SUCCESS.dag_id=example_bash_operator, task_id=runme_0, execution_date=20201014T060307, start_date=20201014T060359, end_date=20201014T060400
[2020-10-14 02:04:04,416] {local_task_job.py:102} INFO - Task exited with return code 0
