[2020-10-14 20:01:41,070] {taskinstance.py:670} INFO - Dependencies all met for <TaskInstance: example_bash_operator.run_after_loop 2020-10-14T00:00:00+00:00 [queued]>
[2020-10-14 20:01:41,091] {taskinstance.py:670} INFO - Dependencies all met for <TaskInstance: example_bash_operator.run_after_loop 2020-10-14T00:00:00+00:00 [queued]>
[2020-10-14 20:01:41,091] {taskinstance.py:880} INFO - 
--------------------------------------------------------------------------------
[2020-10-14 20:01:41,091] {taskinstance.py:881} INFO - Starting attempt 1 of 1
[2020-10-14 20:01:41,091] {taskinstance.py:882} INFO - 
--------------------------------------------------------------------------------
[2020-10-14 20:01:41,106] {taskinstance.py:901} INFO - Executing <Task(BashOperator): run_after_loop> on 2020-10-14T00:00:00+00:00
[2020-10-14 20:01:41,136] {standard_task_runner.py:54} INFO - Started process 26022 to run task
[2020-10-14 20:01:41,527] {standard_task_runner.py:77} INFO - Running: ['airflow', 'run', 'example_bash_operator', 'run_after_loop', '2020-10-14T00:00:00+00:00', '--job_id', '18', '--pool', 'default_pool', '--raw', '-sd', '/home/nehasupe/.local/lib/python3.8/site-packages/airflow/example_dags/example_bash_operator.py', '--cfg_path', '/tmp/tmpzq9xtfbf']
[2020-10-14 20:01:41,530] {standard_task_runner.py:78} INFO - Job 18: Subtask run_after_loop
[2020-10-14 20:01:41,637] {logging_mixin.py:112} INFO - Running %s on host %s <TaskInstance: example_bash_operator.run_after_loop 2020-10-14T00:00:00+00:00 [running]> DESKTOP-CGU1FO2.localdomain
[2020-10-14 20:01:41,676] {bash_operator.py:113} INFO - Tmp dir root location: 
 /tmp
[2020-10-14 20:01:41,679] {bash_operator.py:134} INFO - Temporary script location: /tmp/airflowtmpgke9tt76/run_after_loop0qvd9c4f
[2020-10-14 20:01:41,679] {bash_operator.py:146} INFO - Running command: echo 1
[2020-10-14 20:01:41,717] {bash_operator.py:153} INFO - Output:
[2020-10-14 20:01:41,739] {bash_operator.py:157} INFO - 1
[2020-10-14 20:01:41,742] {bash_operator.py:159} INFO - Command exited with return code 0
[2020-10-14 20:01:41,765] {taskinstance.py:1057} INFO - Marking task as SUCCESS.dag_id=example_bash_operator, task_id=run_after_loop, execution_date=20201014T000000, start_date=20201015T000141, end_date=20201015T000141
[2020-10-14 20:01:46,048] {local_task_job.py:102} INFO - Task exited with return code 0
