[2020-10-14 02:04:47,802] {taskinstance.py:670} INFO - Dependencies all met for <TaskInstance: example_bash_operator.also_run_this 2020-10-14T06:03:07.258113+00:00 [queued]>
[2020-10-14 02:04:47,822] {taskinstance.py:670} INFO - Dependencies all met for <TaskInstance: example_bash_operator.also_run_this 2020-10-14T06:03:07.258113+00:00 [queued]>
[2020-10-14 02:04:47,822] {taskinstance.py:880} INFO - 
--------------------------------------------------------------------------------
[2020-10-14 02:04:47,822] {taskinstance.py:881} INFO - Starting attempt 1 of 1
[2020-10-14 02:04:47,822] {taskinstance.py:882} INFO - 
--------------------------------------------------------------------------------
[2020-10-14 02:04:47,841] {taskinstance.py:901} INFO - Executing <Task(BashOperator): also_run_this> on 2020-10-14T06:03:07.258113+00:00
[2020-10-14 02:04:47,863] {standard_task_runner.py:54} INFO - Started process 6641 to run task
[2020-10-14 02:04:48,062] {standard_task_runner.py:77} INFO - Running: ['airflow', 'run', 'example_bash_operator', 'also_run_this', '2020-10-14T06:03:07.258113+00:00', '--job_id', '8', '--pool', 'default_pool', '--raw', '-sd', '/home/nehasupe/.local/lib/python3.8/site-packages/airflow/example_dags/example_bash_operator.py', '--cfg_path', '/tmp/tmpw57amlye']
[2020-10-14 02:04:48,065] {standard_task_runner.py:78} INFO - Job 8: Subtask also_run_this
[2020-10-14 02:04:48,127] {logging_mixin.py:112} INFO - Running %s on host %s <TaskInstance: example_bash_operator.also_run_this 2020-10-14T06:03:07.258113+00:00 [running]> DESKTOP-CGU1FO2.localdomain
[2020-10-14 02:04:48,153] {bash_operator.py:113} INFO - Tmp dir root location: 
 /tmp
[2020-10-14 02:04:48,155] {bash_operator.py:134} INFO - Temporary script location: /tmp/airflowtmprvrisdew/also_run_this_67st2op
[2020-10-14 02:04:48,156] {bash_operator.py:146} INFO - Running command: echo "run_id=manual__2020-10-14T06:03:07.258113+00:00 | dag_run=<DagRun example_bash_operator @ 2020-10-14 06:03:07.258113+00:00: manual__2020-10-14T06:03:07.258113+00:00, externally triggered: True>"
[2020-10-14 02:04:48,181] {bash_operator.py:153} INFO - Output:
[2020-10-14 02:04:48,196] {bash_operator.py:157} INFO - run_id=manual__2020-10-14T06:03:07.258113+00:00 | dag_run=<DagRun example_bash_operator @ 2020-10-14 06:03:07.258113+00:00: manual__2020-10-14T06:03:07.258113+00:00, externally triggered: True>
[2020-10-14 02:04:48,197] {bash_operator.py:159} INFO - Command exited with return code 0
[2020-10-14 02:04:48,210] {taskinstance.py:1057} INFO - Marking task as SUCCESS.dag_id=example_bash_operator, task_id=also_run_this, execution_date=20201014T060307, start_date=20201014T060447, end_date=20201014T060448
[2020-10-14 02:04:52,754] {local_task_job.py:102} INFO - Task exited with return code 0
