[2020-10-14 02:05:54,321] {taskinstance.py:670} INFO - Dependencies all met for <TaskInstance: example_bash_operator.run_after_loop 2020-10-13T00:00:00+00:00 [queued]>
[2020-10-14 02:05:54,378] {taskinstance.py:670} INFO - Dependencies all met for <TaskInstance: example_bash_operator.run_after_loop 2020-10-13T00:00:00+00:00 [queued]>
[2020-10-14 02:05:54,386] {taskinstance.py:880} INFO - 
--------------------------------------------------------------------------------
[2020-10-14 02:05:54,386] {taskinstance.py:881} INFO - Starting attempt 1 of 1
[2020-10-14 02:05:54,386] {taskinstance.py:882} INFO - 
--------------------------------------------------------------------------------
[2020-10-14 02:05:54,463] {taskinstance.py:901} INFO - Executing <Task(BashOperator): run_after_loop> on 2020-10-13T00:00:00+00:00
[2020-10-14 02:05:54,501] {standard_task_runner.py:54} INFO - Started process 6688 to run task
[2020-10-14 02:05:54,792] {standard_task_runner.py:77} INFO - Running: ['airflow', 'run', 'example_bash_operator', 'run_after_loop', '2020-10-13T00:00:00+00:00', '--job_id', '10', '--pool', 'default_pool', '--raw', '-sd', '/home/nehasupe/.local/lib/python3.8/site-packages/airflow/example_dags/example_bash_operator.py', '--cfg_path', '/tmp/tmpl2_vzp3u']
[2020-10-14 02:05:54,795] {standard_task_runner.py:78} INFO - Job 10: Subtask run_after_loop
[2020-10-14 02:05:54,897] {logging_mixin.py:112} INFO - Running %s on host %s <TaskInstance: example_bash_operator.run_after_loop 2020-10-13T00:00:00+00:00 [running]> DESKTOP-CGU1FO2.localdomain
[2020-10-14 02:05:54,929] {bash_operator.py:113} INFO - Tmp dir root location: 
 /tmp
[2020-10-14 02:05:54,932] {bash_operator.py:134} INFO - Temporary script location: /tmp/airflowtmpb20bui5z/run_after_loop6nsut3k9
[2020-10-14 02:05:54,933] {bash_operator.py:146} INFO - Running command: echo 1
[2020-10-14 02:05:54,961] {bash_operator.py:153} INFO - Output:
[2020-10-14 02:05:54,979] {bash_operator.py:157} INFO - 1
[2020-10-14 02:05:54,981] {bash_operator.py:159} INFO - Command exited with return code 0
[2020-10-14 02:05:54,996] {taskinstance.py:1057} INFO - Marking task as SUCCESS.dag_id=example_bash_operator, task_id=run_after_loop, execution_date=20201013T000000, start_date=20201014T060554, end_date=20201014T060554
[2020-10-14 02:05:59,219] {local_task_job.py:102} INFO - Task exited with return code 0
