[2020-10-14 02:06:02,466] {taskinstance.py:670} INFO - Dependencies all met for <TaskInstance: example_bash_operator.run_after_loop 2020-10-14T06:03:07.258113+00:00 [queued]>
[2020-10-14 02:06:02,485] {taskinstance.py:670} INFO - Dependencies all met for <TaskInstance: example_bash_operator.run_after_loop 2020-10-14T06:03:07.258113+00:00 [queued]>
[2020-10-14 02:06:02,485] {taskinstance.py:880} INFO - 
--------------------------------------------------------------------------------
[2020-10-14 02:06:02,485] {taskinstance.py:881} INFO - Starting attempt 1 of 1
[2020-10-14 02:06:02,485] {taskinstance.py:882} INFO - 
--------------------------------------------------------------------------------
[2020-10-14 02:06:02,502] {taskinstance.py:901} INFO - Executing <Task(BashOperator): run_after_loop> on 2020-10-14T06:03:07.258113+00:00
[2020-10-14 02:06:02,522] {standard_task_runner.py:54} INFO - Started process 6695 to run task
[2020-10-14 02:06:02,715] {standard_task_runner.py:77} INFO - Running: ['airflow', 'run', 'example_bash_operator', 'run_after_loop', '2020-10-14T06:03:07.258113+00:00', '--job_id', '11', '--pool', 'default_pool', '--raw', '-sd', '/home/nehasupe/.local/lib/python3.8/site-packages/airflow/example_dags/example_bash_operator.py', '--cfg_path', '/tmp/tmp_w46by_n']
[2020-10-14 02:06:02,717] {standard_task_runner.py:78} INFO - Job 11: Subtask run_after_loop
[2020-10-14 02:06:02,783] {logging_mixin.py:112} INFO - Running %s on host %s <TaskInstance: example_bash_operator.run_after_loop 2020-10-14T06:03:07.258113+00:00 [running]> DESKTOP-CGU1FO2.localdomain
[2020-10-14 02:06:02,805] {bash_operator.py:113} INFO - Tmp dir root location: 
 /tmp
[2020-10-14 02:06:02,808] {bash_operator.py:134} INFO - Temporary script location: /tmp/airflowtmp7pnlda9b/run_after_looprw2qdc6c
[2020-10-14 02:06:02,808] {bash_operator.py:146} INFO - Running command: echo 1
[2020-10-14 02:06:02,833] {bash_operator.py:153} INFO - Output:
[2020-10-14 02:06:02,842] {bash_operator.py:157} INFO - 1
[2020-10-14 02:06:02,843] {bash_operator.py:159} INFO - Command exited with return code 0
[2020-10-14 02:06:02,857] {taskinstance.py:1057} INFO - Marking task as SUCCESS.dag_id=example_bash_operator, task_id=run_after_loop, execution_date=20201014T060307, start_date=20201014T060602, end_date=20201014T060602
[2020-10-14 02:06:07,438] {local_task_job.py:102} INFO - Task exited with return code 0
