[2020-10-14 20:00:20,880] {taskinstance.py:670} INFO - Dependencies all met for <TaskInstance: example_bash_operator.runme_1 2020-10-14T00:00:00+00:00 [queued]>
[2020-10-14 20:00:20,898] {taskinstance.py:670} INFO - Dependencies all met for <TaskInstance: example_bash_operator.runme_1 2020-10-14T00:00:00+00:00 [queued]>
[2020-10-14 20:00:20,898] {taskinstance.py:880} INFO - 
--------------------------------------------------------------------------------
[2020-10-14 20:00:20,898] {taskinstance.py:881} INFO - Starting attempt 1 of 1
[2020-10-14 20:00:20,898] {taskinstance.py:882} INFO - 
--------------------------------------------------------------------------------
[2020-10-14 20:00:20,915] {taskinstance.py:901} INFO - Executing <Task(BashOperator): runme_1> on 2020-10-14T00:00:00+00:00
[2020-10-14 20:00:20,943] {standard_task_runner.py:54} INFO - Started process 25974 to run task
[2020-10-14 20:00:21,336] {standard_task_runner.py:77} INFO - Running: ['airflow', 'run', 'example_bash_operator', 'runme_1', '2020-10-14T00:00:00+00:00', '--job_id', '15', '--pool', 'default_pool', '--raw', '-sd', '/home/nehasupe/.local/lib/python3.8/site-packages/airflow/example_dags/example_bash_operator.py', '--cfg_path', '/tmp/tmphqbe6gpk']
[2020-10-14 20:00:21,340] {standard_task_runner.py:78} INFO - Job 15: Subtask runme_1
[2020-10-14 20:00:21,461] {logging_mixin.py:112} INFO - Running %s on host %s <TaskInstance: example_bash_operator.runme_1 2020-10-14T00:00:00+00:00 [running]> DESKTOP-CGU1FO2.localdomain
[2020-10-14 20:00:21,510] {bash_operator.py:113} INFO - Tmp dir root location: 
 /tmp
[2020-10-14 20:00:21,515] {bash_operator.py:134} INFO - Temporary script location: /tmp/airflowtmpb35zsenh/runme_1zmxqr2lt
[2020-10-14 20:00:21,516] {bash_operator.py:146} INFO - Running command: echo "example_bash_operator__runme_1__20201014" && sleep 1
[2020-10-14 20:00:21,567] {bash_operator.py:153} INFO - Output:
[2020-10-14 20:00:21,605] {bash_operator.py:157} INFO - example_bash_operator__runme_1__20201014
[2020-10-14 20:00:22,630] {bash_operator.py:159} INFO - Command exited with return code 0
[2020-10-14 20:00:22,647] {taskinstance.py:1057} INFO - Marking task as SUCCESS.dag_id=example_bash_operator, task_id=runme_1, execution_date=20201014T000000, start_date=20201015T000020, end_date=20201015T000022
[2020-10-14 20:00:25,858] {local_task_job.py:102} INFO - Task exited with return code 0
