[2020-10-14 02:04:15,614] {taskinstance.py:670} INFO - Dependencies all met for <TaskInstance: example_bash_operator.runme_2 2020-10-14T06:03:07.258113+00:00 [queued]>
[2020-10-14 02:04:15,629] {taskinstance.py:670} INFO - Dependencies all met for <TaskInstance: example_bash_operator.runme_2 2020-10-14T06:03:07.258113+00:00 [queued]>
[2020-10-14 02:04:15,629] {taskinstance.py:880} INFO - 
--------------------------------------------------------------------------------
[2020-10-14 02:04:15,629] {taskinstance.py:881} INFO - Starting attempt 1 of 1
[2020-10-14 02:04:15,629] {taskinstance.py:882} INFO - 
--------------------------------------------------------------------------------
[2020-10-14 02:04:15,646] {taskinstance.py:901} INFO - Executing <Task(BashOperator): runme_2> on 2020-10-14T06:03:07.258113+00:00
[2020-10-14 02:04:15,666] {standard_task_runner.py:54} INFO - Started process 6605 to run task
[2020-10-14 02:04:15,875] {standard_task_runner.py:77} INFO - Running: ['airflow', 'run', 'example_bash_operator', 'runme_2', '2020-10-14T06:03:07.258113+00:00', '--job_id', '4', '--pool', 'default_pool', '--raw', '-sd', '/home/nehasupe/.local/lib/python3.8/site-packages/airflow/example_dags/example_bash_operator.py', '--cfg_path', '/tmp/tmpfai71mdf']
[2020-10-14 02:04:15,878] {standard_task_runner.py:78} INFO - Job 4: Subtask runme_2
[2020-10-14 02:04:15,962] {logging_mixin.py:112} INFO - Running %s on host %s <TaskInstance: example_bash_operator.runme_2 2020-10-14T06:03:07.258113+00:00 [running]> DESKTOP-CGU1FO2.localdomain
[2020-10-14 02:04:15,995] {bash_operator.py:113} INFO - Tmp dir root location: 
 /tmp
[2020-10-14 02:04:15,998] {bash_operator.py:134} INFO - Temporary script location: /tmp/airflowtmpzrleolc1/runme_2ocdyhiu0
[2020-10-14 02:04:15,998] {bash_operator.py:146} INFO - Running command: echo "example_bash_operator__runme_2__20201014" && sleep 1
[2020-10-14 02:04:16,032] {bash_operator.py:153} INFO - Output:
[2020-10-14 02:04:16,052] {bash_operator.py:157} INFO - example_bash_operator__runme_2__20201014
[2020-10-14 02:04:17,072] {bash_operator.py:159} INFO - Command exited with return code 0
[2020-10-14 02:04:17,093] {taskinstance.py:1057} INFO - Marking task as SUCCESS.dag_id=example_bash_operator, task_id=runme_2, execution_date=20201014T060307, start_date=20201014T060415, end_date=20201014T060417
[2020-10-14 02:04:20,607] {local_task_job.py:102} INFO - Task exited with return code 0
