[2020-10-14 02:04:31,733] {taskinstance.py:670} INFO - Dependencies all met for <TaskInstance: example_bash_operator.runme_1 2020-10-13T00:00:00+00:00 [queued]>
[2020-10-14 02:04:31,746] {taskinstance.py:670} INFO - Dependencies all met for <TaskInstance: example_bash_operator.runme_1 2020-10-13T00:00:00+00:00 [queued]>
[2020-10-14 02:04:31,746] {taskinstance.py:880} INFO - 
--------------------------------------------------------------------------------
[2020-10-14 02:04:31,746] {taskinstance.py:881} INFO - Starting attempt 1 of 1
[2020-10-14 02:04:31,746] {taskinstance.py:882} INFO - 
--------------------------------------------------------------------------------
[2020-10-14 02:04:31,762] {taskinstance.py:901} INFO - Executing <Task(BashOperator): runme_1> on 2020-10-13T00:00:00+00:00
[2020-10-14 02:04:31,781] {standard_task_runner.py:54} INFO - Started process 6621 to run task
[2020-10-14 02:04:31,960] {standard_task_runner.py:77} INFO - Running: ['airflow', 'run', 'example_bash_operator', 'runme_1', '2020-10-13T00:00:00+00:00', '--job_id', '6', '--pool', 'default_pool', '--raw', '-sd', '/home/nehasupe/.local/lib/python3.8/site-packages/airflow/example_dags/example_bash_operator.py', '--cfg_path', '/tmp/tmpxhxmpaea']
[2020-10-14 02:04:31,963] {standard_task_runner.py:78} INFO - Job 6: Subtask runme_1
[2020-10-14 02:04:32,026] {logging_mixin.py:112} INFO - Running %s on host %s <TaskInstance: example_bash_operator.runme_1 2020-10-13T00:00:00+00:00 [running]> DESKTOP-CGU1FO2.localdomain
[2020-10-14 02:04:32,047] {bash_operator.py:113} INFO - Tmp dir root location: 
 /tmp
[2020-10-14 02:04:32,050] {bash_operator.py:134} INFO - Temporary script location: /tmp/airflowtmpz6skhrys/runme_1d5yxphuj
[2020-10-14 02:04:32,050] {bash_operator.py:146} INFO - Running command: echo "example_bash_operator__runme_1__20201013" && sleep 1
[2020-10-14 02:04:32,074] {bash_operator.py:153} INFO - Output:
[2020-10-14 02:04:32,088] {bash_operator.py:157} INFO - example_bash_operator__runme_1__20201013
[2020-10-14 02:04:33,109] {bash_operator.py:159} INFO - Command exited with return code 0
[2020-10-14 02:04:33,133] {taskinstance.py:1057} INFO - Marking task as SUCCESS.dag_id=example_bash_operator, task_id=runme_1, execution_date=20201013T000000, start_date=20201014T060431, end_date=20201014T060433
[2020-10-14 02:04:36,717] {local_task_job.py:102} INFO - Task exited with return code 0
