[2020-10-14 02:04:23,959] {taskinstance.py:670} INFO - Dependencies all met for <TaskInstance: example_bash_operator.runme_0 2020-10-13T00:00:00+00:00 [queued]>
[2020-10-14 02:04:23,973] {taskinstance.py:670} INFO - Dependencies all met for <TaskInstance: example_bash_operator.runme_0 2020-10-13T00:00:00+00:00 [queued]>
[2020-10-14 02:04:23,973] {taskinstance.py:880} INFO - 
--------------------------------------------------------------------------------
[2020-10-14 02:04:23,973] {taskinstance.py:881} INFO - Starting attempt 1 of 1
[2020-10-14 02:04:23,973] {taskinstance.py:882} INFO - 
--------------------------------------------------------------------------------
[2020-10-14 02:04:23,989] {taskinstance.py:901} INFO - Executing <Task(BashOperator): runme_0> on 2020-10-13T00:00:00+00:00
[2020-10-14 02:04:24,011] {standard_task_runner.py:54} INFO - Started process 6613 to run task
[2020-10-14 02:04:24,311] {standard_task_runner.py:77} INFO - Running: ['airflow', 'run', 'example_bash_operator', 'runme_0', '2020-10-13T00:00:00+00:00', '--job_id', '5', '--pool', 'default_pool', '--raw', '-sd', '/home/nehasupe/.local/lib/python3.8/site-packages/airflow/example_dags/example_bash_operator.py', '--cfg_path', '/tmp/tmpe93olvqe']
[2020-10-14 02:04:24,315] {standard_task_runner.py:78} INFO - Job 5: Subtask runme_0
[2020-10-14 02:04:24,399] {logging_mixin.py:112} INFO - Running %s on host %s <TaskInstance: example_bash_operator.runme_0 2020-10-13T00:00:00+00:00 [running]> DESKTOP-CGU1FO2.localdomain
[2020-10-14 02:04:24,431] {bash_operator.py:113} INFO - Tmp dir root location: 
 /tmp
[2020-10-14 02:04:24,433] {bash_operator.py:134} INFO - Temporary script location: /tmp/airflowtmpc4888ik9/runme_06juws0ae
[2020-10-14 02:04:24,434] {bash_operator.py:146} INFO - Running command: echo "example_bash_operator__runme_0__20201013" && sleep 1
[2020-10-14 02:04:24,458] {bash_operator.py:153} INFO - Output:
[2020-10-14 02:04:24,473] {bash_operator.py:157} INFO - example_bash_operator__runme_0__20201013
[2020-10-14 02:04:25,498] {bash_operator.py:159} INFO - Command exited with return code 0
[2020-10-14 02:04:25,570] {taskinstance.py:1057} INFO - Marking task as SUCCESS.dag_id=example_bash_operator, task_id=runme_0, execution_date=20201013T000000, start_date=20201014T060423, end_date=20201014T060425
[2020-10-14 02:04:28,932] {local_task_job.py:102} INFO - Task exited with return code 0
