[2020-10-14 20:00:31,099] {taskinstance.py:670} INFO - Dependencies all met for <TaskInstance: example_bash_operator.runme_2 2020-10-14T00:00:00+00:00 [queued]>
[2020-10-14 20:00:31,116] {taskinstance.py:670} INFO - Dependencies all met for <TaskInstance: example_bash_operator.runme_2 2020-10-14T00:00:00+00:00 [queued]>
[2020-10-14 20:00:31,116] {taskinstance.py:880} INFO - 
--------------------------------------------------------------------------------
[2020-10-14 20:00:31,116] {taskinstance.py:881} INFO - Starting attempt 1 of 1
[2020-10-14 20:00:31,116] {taskinstance.py:882} INFO - 
--------------------------------------------------------------------------------
[2020-10-14 20:00:31,130] {taskinstance.py:901} INFO - Executing <Task(BashOperator): runme_2> on 2020-10-14T00:00:00+00:00
[2020-10-14 20:00:31,156] {standard_task_runner.py:54} INFO - Started process 25982 to run task
[2020-10-14 20:00:31,440] {standard_task_runner.py:77} INFO - Running: ['airflow', 'run', 'example_bash_operator', 'runme_2', '2020-10-14T00:00:00+00:00', '--job_id', '16', '--pool', 'default_pool', '--raw', '-sd', '/home/nehasupe/.local/lib/python3.8/site-packages/airflow/example_dags/example_bash_operator.py', '--cfg_path', '/tmp/tmpae_s25zg']
[2020-10-14 20:00:31,444] {standard_task_runner.py:78} INFO - Job 16: Subtask runme_2
[2020-10-14 20:00:31,535] {logging_mixin.py:112} INFO - Running %s on host %s <TaskInstance: example_bash_operator.runme_2 2020-10-14T00:00:00+00:00 [running]> DESKTOP-CGU1FO2.localdomain
[2020-10-14 20:00:31,568] {bash_operator.py:113} INFO - Tmp dir root location: 
 /tmp
[2020-10-14 20:00:31,571] {bash_operator.py:134} INFO - Temporary script location: /tmp/airflowtmp6f4f1hj5/runme_2lu0nt_ii
[2020-10-14 20:00:31,571] {bash_operator.py:146} INFO - Running command: echo "example_bash_operator__runme_2__20201014" && sleep 1
[2020-10-14 20:00:31,609] {bash_operator.py:153} INFO - Output:
[2020-10-14 20:00:31,640] {bash_operator.py:157} INFO - example_bash_operator__runme_2__20201014
[2020-10-14 20:00:32,679] {bash_operator.py:159} INFO - Command exited with return code 0
[2020-10-14 20:00:32,695] {taskinstance.py:1057} INFO - Marking task as SUCCESS.dag_id=example_bash_operator, task_id=runme_2, execution_date=20201014T000000, start_date=20201015T000031, end_date=20201015T000032
[2020-10-14 20:00:36,082] {local_task_job.py:102} INFO - Task exited with return code 0
