[2020-10-14 20:00:40,379] {taskinstance.py:670} INFO - Dependencies all met for <TaskInstance: example_bash_operator.also_run_this 2020-10-14T00:00:00+00:00 [queued]>
[2020-10-14 20:00:40,396] {taskinstance.py:670} INFO - Dependencies all met for <TaskInstance: example_bash_operator.also_run_this 2020-10-14T00:00:00+00:00 [queued]>
[2020-10-14 20:00:40,397] {taskinstance.py:880} INFO - 
--------------------------------------------------------------------------------
[2020-10-14 20:00:40,397] {taskinstance.py:881} INFO - Starting attempt 1 of 1
[2020-10-14 20:00:40,397] {taskinstance.py:882} INFO - 
--------------------------------------------------------------------------------
[2020-10-14 20:00:40,414] {taskinstance.py:901} INFO - Executing <Task(BashOperator): also_run_this> on 2020-10-14T00:00:00+00:00
[2020-10-14 20:00:40,443] {standard_task_runner.py:54} INFO - Started process 25990 to run task
[2020-10-14 20:00:40,972] {standard_task_runner.py:77} INFO - Running: ['airflow', 'run', 'example_bash_operator', 'also_run_this', '2020-10-14T00:00:00+00:00', '--job_id', '17', '--pool', 'default_pool', '--raw', '-sd', '/home/nehasupe/.local/lib/python3.8/site-packages/airflow/example_dags/example_bash_operator.py', '--cfg_path', '/tmp/tmph4kkjsds']
[2020-10-14 20:00:40,980] {standard_task_runner.py:78} INFO - Job 17: Subtask also_run_this
[2020-10-14 20:00:41,158] {logging_mixin.py:112} INFO - Running %s on host %s <TaskInstance: example_bash_operator.also_run_this 2020-10-14T00:00:00+00:00 [running]> DESKTOP-CGU1FO2.localdomain
[2020-10-14 20:00:41,260] {bash_operator.py:113} INFO - Tmp dir root location: 
 /tmp
[2020-10-14 20:00:41,264] {bash_operator.py:134} INFO - Temporary script location: /tmp/airflowtmppg1fekyr/also_run_thisxrtj25mk
[2020-10-14 20:00:41,265] {bash_operator.py:146} INFO - Running command: echo "run_id=scheduled__2020-10-14T00:00:00+00:00 | dag_run=<DagRun example_bash_operator @ 2020-10-14 00:00:00+00:00: scheduled__2020-10-14T00:00:00+00:00, externally triggered: False>"
[2020-10-14 20:00:41,327] {bash_operator.py:153} INFO - Output:
[2020-10-14 20:00:41,361] {bash_operator.py:157} INFO - run_id=scheduled__2020-10-14T00:00:00+00:00 | dag_run=<DagRun example_bash_operator @ 2020-10-14 00:00:00+00:00: scheduled__2020-10-14T00:00:00+00:00, externally triggered: False>
[2020-10-14 20:00:41,362] {bash_operator.py:159} INFO - Command exited with return code 0
[2020-10-14 20:00:41,395] {taskinstance.py:1057} INFO - Marking task as SUCCESS.dag_id=example_bash_operator, task_id=also_run_this, execution_date=20201014T000000, start_date=20201015T000040, end_date=20201015T000041
[2020-10-14 20:00:45,349] {local_task_job.py:102} INFO - Task exited with return code 0
