[2020-10-14 02:04:56,118] {taskinstance.py:670} INFO - Dependencies all met for <TaskInstance: example_bash_operator.also_run_this 2020-10-13T00:00:00+00:00 [queued]>
[2020-10-14 02:04:56,133] {taskinstance.py:670} INFO - Dependencies all met for <TaskInstance: example_bash_operator.also_run_this 2020-10-13T00:00:00+00:00 [queued]>
[2020-10-14 02:04:56,133] {taskinstance.py:880} INFO - 
--------------------------------------------------------------------------------
[2020-10-14 02:04:56,133] {taskinstance.py:881} INFO - Starting attempt 1 of 1
[2020-10-14 02:04:56,133] {taskinstance.py:882} INFO - 
--------------------------------------------------------------------------------
[2020-10-14 02:04:56,155] {taskinstance.py:901} INFO - Executing <Task(BashOperator): also_run_this> on 2020-10-13T00:00:00+00:00
[2020-10-14 02:04:56,180] {standard_task_runner.py:54} INFO - Started process 6648 to run task
[2020-10-14 02:04:56,441] {standard_task_runner.py:77} INFO - Running: ['airflow', 'run', 'example_bash_operator', 'also_run_this', '2020-10-13T00:00:00+00:00', '--job_id', '9', '--pool', 'default_pool', '--raw', '-sd', '/home/nehasupe/.local/lib/python3.8/site-packages/airflow/example_dags/example_bash_operator.py', '--cfg_path', '/tmp/tmpafk_4jus']
[2020-10-14 02:04:56,444] {standard_task_runner.py:78} INFO - Job 9: Subtask also_run_this
[2020-10-14 02:04:56,543] {logging_mixin.py:112} INFO - Running %s on host %s <TaskInstance: example_bash_operator.also_run_this 2020-10-13T00:00:00+00:00 [running]> DESKTOP-CGU1FO2.localdomain
[2020-10-14 02:04:56,567] {bash_operator.py:113} INFO - Tmp dir root location: 
 /tmp
[2020-10-14 02:04:56,569] {bash_operator.py:134} INFO - Temporary script location: /tmp/airflowtmp_0ardnsl/also_run_thisue58m4fk
[2020-10-14 02:04:56,569] {bash_operator.py:146} INFO - Running command: echo "run_id=scheduled__2020-10-13T00:00:00+00:00 | dag_run=<DagRun example_bash_operator @ 2020-10-13 00:00:00+00:00: scheduled__2020-10-13T00:00:00+00:00, externally triggered: False>"
[2020-10-14 02:04:56,594] {bash_operator.py:153} INFO - Output:
[2020-10-14 02:04:56,608] {bash_operator.py:157} INFO - run_id=scheduled__2020-10-13T00:00:00+00:00 | dag_run=<DagRun example_bash_operator @ 2020-10-13 00:00:00+00:00: scheduled__2020-10-13T00:00:00+00:00, externally triggered: False>
[2020-10-14 02:04:56,608] {bash_operator.py:159} INFO - Command exited with return code 0
[2020-10-14 02:04:56,624] {taskinstance.py:1057} INFO - Marking task as SUCCESS.dag_id=example_bash_operator, task_id=also_run_this, execution_date=20201013T000000, start_date=20201014T060456, end_date=20201014T060456
[2020-10-14 02:05:01,097] {local_task_job.py:102} INFO - Task exited with return code 0
