[2020-10-14 02:04:39,579] {taskinstance.py:670} INFO - Dependencies all met for <TaskInstance: example_bash_operator.runme_2 2020-10-13T00:00:00+00:00 [queued]>
[2020-10-14 02:04:39,599] {taskinstance.py:670} INFO - Dependencies all met for <TaskInstance: example_bash_operator.runme_2 2020-10-13T00:00:00+00:00 [queued]>
[2020-10-14 02:04:39,599] {taskinstance.py:880} INFO - 
--------------------------------------------------------------------------------
[2020-10-14 02:04:39,599] {taskinstance.py:881} INFO - Starting attempt 1 of 1
[2020-10-14 02:04:39,599] {taskinstance.py:882} INFO - 
--------------------------------------------------------------------------------
[2020-10-14 02:04:39,616] {taskinstance.py:901} INFO - Executing <Task(BashOperator): runme_2> on 2020-10-13T00:00:00+00:00
[2020-10-14 02:04:39,637] {standard_task_runner.py:54} INFO - Started process 6629 to run task
[2020-10-14 02:04:39,833] {standard_task_runner.py:77} INFO - Running: ['airflow', 'run', 'example_bash_operator', 'runme_2', '2020-10-13T00:00:00+00:00', '--job_id', '7', '--pool', 'default_pool', '--raw', '-sd', '/home/nehasupe/.local/lib/python3.8/site-packages/airflow/example_dags/example_bash_operator.py', '--cfg_path', '/tmp/tmpmwmydftt']
[2020-10-14 02:04:39,835] {standard_task_runner.py:78} INFO - Job 7: Subtask runme_2
[2020-10-14 02:04:39,907] {logging_mixin.py:112} INFO - Running %s on host %s <TaskInstance: example_bash_operator.runme_2 2020-10-13T00:00:00+00:00 [running]> DESKTOP-CGU1FO2.localdomain
[2020-10-14 02:04:39,931] {bash_operator.py:113} INFO - Tmp dir root location: 
 /tmp
[2020-10-14 02:04:39,934] {bash_operator.py:134} INFO - Temporary script location: /tmp/airflowtmpziiui9dz/runme_2ewx34yze
[2020-10-14 02:04:39,934] {bash_operator.py:146} INFO - Running command: echo "example_bash_operator__runme_2__20201013" && sleep 1
[2020-10-14 02:04:39,961] {bash_operator.py:153} INFO - Output:
[2020-10-14 02:04:39,974] {bash_operator.py:157} INFO - example_bash_operator__runme_2__20201013
[2020-10-14 02:04:40,991] {bash_operator.py:159} INFO - Command exited with return code 0
[2020-10-14 02:04:41,005] {taskinstance.py:1057} INFO - Marking task as SUCCESS.dag_id=example_bash_operator, task_id=runme_2, execution_date=20201013T000000, start_date=20201014T060439, end_date=20201014T060441
[2020-10-14 02:04:44,547] {local_task_job.py:102} INFO - Task exited with return code 0
